Sencha Cmd 6.0.2.14 - Crash report
================================================
An error occurred while executing the following command: build app testing

Diagnostic information:
=======================
                         app.archivePath : archive                                           
                      app.bootstrap.base : /Users/mickey/myprojects/dia3                     
                           app.build.dir : /Users/mickey/myprojects/dia3/build/dia3          
                           app.classpath : /Users/mickey/myprojects/dia3/app.js,/Users/mickey/myprojects/dia3/app
                         app.cmd.version : 6.0.2.14                                          
                          app.config.dir : /Users/mickey/myprojects/dia3/.sencha/app         
                   app.cordova.config.id : com.domain.dia3                                   
                 app.cordova.config.name : dia3                                              
                 app.cordova.config.path : /Users/mickey/myprojects/dia3/cordova             
               app.cordova.config.target :                                                   
              app.cordova.config.verbose : false                                             
                   app.cordova.js.0.path : cordova.js                                        
               app.cordova.js.0.priority : 1000                                              
                 app.cordova.js.0.remote : true                                              
                   app.cordova.js.length : 1                                                 
                 app.cordova.microloader : /Users/mickey/myprojects/dia3/.sencha/app/microloader/testing.js
                 app.cordova.output.base : /Users/mickey/myprojects/dia3/cordova/www         
         app.cordova.output.cache.enable : false                                             
        app.cordova.output.deltas.enable : false                                             
       app.cordova.output.manifest.embed : true                                              
                                 app.dir : /Users/mickey/myprojects/dia3                     
                           app.framework : touch                                             
                   app.framework.version : 2.4.2.571                                         
                                  app.id : 204879b9-1096-448b-9ba0-5800bc137df9              
                       app.indexHtmlPath : index.html                                        
                                app.name : dia3                                              
                         app.output.base : /Users/mickey/myprojects/dia3/build/${build.environment}/dia3
           app.output.microloader.enable : true                                              
                  app.phonegap.config.id : com.domain.dia3                                   
                app.phonegap.config.name : dia3                                              
                app.phonegap.config.path : /Users/mickey/myprojects/dia3/phonegap            
              app.phonegap.config.remote : false                                             
             app.phonegap.config.verbose : false                                             
                  app.phonegap.js.0.path : phonegap.js                                       
              app.phonegap.js.0.priority : 1000                                              
                app.phonegap.js.0.remote : true                                              
                  app.phonegap.js.length : 1                                                 
                app.phonegap.microloader : /Users/mickey/myprojects/dia3/.sencha/app/microloader/testing.js
                app.phonegap.output.base : /Users/mickey/myprojects/dia3/phonegap/www        
        app.phonegap.output.cache.enable : false                                             
       app.phonegap.output.deltas.enable : false                                             
      app.phonegap.output.manifest.embed : true                                              
                      app.requires.names :                                                   
                   app.requires.packages :                                                   
                      app.resource.paths :                                                   
        app.slicer.js.0.isWidgetManifest : true                                              
                    app.slicer.js.0.path : /Users/mickey/myprojects/dia3/sass/example/custom.js
                    app.slicer.js.length : 1                                                 
                    buildenvironment.dir : /Users/mickey/myprojects/dia3                     
               buildenvironment.load.dir : /Users/mickey/myprojects/dia3                     
                          cmd.config.dir : /Users/mickey/bin/Sencha/Cmd/6.0.2.14             
                                 cmd.dir : /Users/mickey/bin/Sencha/Cmd/6.0.2.14             
                    cmd.framework.minver : 2.2.0                                             
                   cmd.framework.version : 2.99.99.99999                                     
                            cmd.jvm.args : -Xms128m -Xmx1024m -Dapple.awt.UIElement=true     
              cmd.merge.tool.args.araxis : -wait -merge -3 -a1 {base} {user} {generated} {out}
              cmd.merge.tool.args.kdiff3 : {base} {user} {generated} -o {out}                
             cmd.merge.tool.args.p4merge : {base} {user} {generated} {out}                   
           cmd.merge.tool.args.smartsync : {user} {generated} {base}                         
          cmd.merge.tool.args.sourcegear : --merge --result={out} {user} {base} {generated}  
            cmd.merge.tool.args.tortoise : -base:{base} -theirs:{generated} -mine:{user} -merged:{out}
                              cmd.minver : 3.0.0.0                                           
                            cmd.platform : osx                                               
                         cmd.server.port : 1841                                              
                     cmd.unicode.escapes : /Users/mickey/bin/Sencha/Cmd/6.0.2.14/unicode-escapes.json
                             cmd.version : 6.0.2.14                                          
                            cmd.web.port : 1841                                              
                     config.skipDownload : true                                              
                      config.skipInherit : false                                             
                     framework.classpath : /Users/mickey/myprojects/dia3/touch/src           
                    framework.cmd.minver : 3.1.0.53                                          
                   framework.cmd.version : 4.0.5.87                                          
                    framework.config.dir : /Users/mickey/bin/Sencha/Cmd/6.0.2.14/plugins/touch/2.3
                           framework.dir : /Users/mickey/myprojects/dia3/touch               
                       framework.ignores : src/locale,src/platform,auth2/Auth.js,scroller/Infinite.js
                          framework.name : touch                                             
                  framework.packages.dir : /Users/mickey/myprojects/dia3/touch/packages      
             framework.preprocessor.opts : charts:no                                         
                       framework.version : 2.4.2.571                                         
                       inspector.address : http://localhost:1839/                            
                          repo.local.dir : /Users/mickey/bin/Sencha/Cmd/repo                 
        system.java.net.useSystemProxies : true                                              
                               touch.dir : /Users/mickey/myprojects/dia3/touch               
                     workspace.build.dir : /Users/mickey/myprojects/dia3/build               
                   workspace.cmd.version : 6.0.2.14                                          
                    workspace.config.dir : /Users/mickey/myprojects/dia3/.sencha/workspace   
                           workspace.dir : /Users/mickey/myprojects/dia3                     
                  workspace.packages.dir : /Users/mickey/myprojects/dia3/packages/local,/Users/mickey/myprojects/dia3/packages
              workspace.packages.extract : /Users/mickey/myprojects/dia3/packages/remote     
                     workspace.theme.dir : /Users/mickey/myprojects/dia3/packages/local,/Users/mickey/myprojects/dia3/packages/${args.themeName}

Exception information:
=======================
java.lang.NullPointerException
     at java.io.File.<init>(File.java:277)
     at com.sencha.util.FileUtil.readFile(FileUtil.java:157)
     at com.sencha.tools.compiler.jsb.projects.JsbBuilder.processBuild(JsbBuilder.java:29)
     at com.sencha.command.build.JsbCommand.execute(JsbCommand.java:15)
     at sun.reflect.NativeMethodAccessorImpl.invoke0(Native Method)
     at sun.reflect.NativeMethodAccessorImpl.invoke(NativeMethodAccessorImpl.java:57)
     at sun.reflect.DelegatingMethodAccessorImpl.invoke(DelegatingMethodAccessorImpl.java:43)
     at java.lang.reflect.Method.invoke(Method.java:606)
     at com.sencha.util.MethodInvoker$Arguments.invoke(MethodInvoker.java:175)
     at com.sencha.cli.Command.dispatch(Command.java:43)
     at com.sencha.cli.Commands.dispatch(Commands.java:64)
     at com.sencha.command.Sencha.dispatch(Sencha.java:74)
     at com.sencha.command.Sencha.main(Sencha.java:142)
     at sun.reflect.NativeMethodAccessorImpl.invoke0(Native Method)
     at sun.reflect.NativeMethodAccessorImpl.invoke(NativeMethodAccessorImpl.java:57)
     at sun.reflect.DelegatingMethodAccessorImpl.invoke(DelegatingMethodAccessorImpl.java:43)
     at java.lang.reflect.Method.invoke(Method.java:606)
     at com.exe4j.runtime.LauncherEngine.launch(Unknown Source)
     at com.install4j.runtime.launcher.UnixLauncher.main(Unknown Source)

